This file contains any messages produced by compilers while
running configure, to aid debugging if configure makes a mistake.

It was created by configure, which was
generated by GNU Autoconf 2.62.  Invocation command line was

  $ ./configure --prefix=/usr/local --cache-file=/dev/null --srcdir=.

## --------- ##
## Platform. ##
## --------- ##

hostname = MacBookAir.local
uname -m = x86_64
uname -r = 17.5.0
uname -s = Darwin
uname -v = Darwin Kernel Version 17.5.0: Mon Mar  5 22:24:32 PST 2018; root:xnu-4570.51.1~1/RELEASE_X86_64

/usr/bin/uname -p = i386
/bin/uname -X     = unknown

/bin/arch              = unknown
/usr/bin/arch -k       = unknown
/usr/convex/getsysinfo = unknown
/usr/bin/hostinfo      = Mach kernel version:
	 Darwin Kernel Version 17.5.0: Mon Mar  5 22:24:32 PST 2018; root:xnu-4570.51.1~1/RELEASE_X86_64
Kernel configured for up to 4 processors.
2 processors are physically available.
4 processors are logically available.
Processor type: x86_64h (Intel x86-64h Haswell)
Processors active: 0 1 2 3
Primary memory available: 4.00 gigabytes
Default processor set: 278 tasks, 1342 threads, 4 processors
Load average: 3.61, Mach factor: 1.04
/bin/machine           = unknown
/usr/bin/oslevel       = unknown
/bin/universe          = unknown

PATH: /Users/Ricardo/.rvm/gems/ruby-2.3.0/bin
PATH: /Users/Ricardo/.rvm/gems/ruby-2.3.0@global/bin
PATH: /Users/Ricardo/.rvm/rubies/ruby-2.3.0/bin
PATH: /usr/local/opt/curl/bin
PATH: /opt/local/bin
PATH: /opt/local/sbin
PATH: /usr/local/bin
PATH: /usr/bin
PATH: /bin
PATH: /usr/sbin
PATH: /sbin
PATH: /Library/TeX/texbin
PATH: /usr/local/share/dotnet
PATH: /Users/Ricardo/bin
PATH: .
PATH: /Users/Ricardo/.cache/rebar3/bin
PATH: /usr/local/Cellar/python/2.7.14_3/bin
PATH: /Users/Ricardo/.rvm/bin
PATH: /Users/Ricardo/.fzf/bin


## ----------- ##
## Core tests. ##
## ----------- ##

configure:1880: checking for gcc
configure:1896: found /usr/bin/gcc
configure:1907: result: gcc
configure:2145: checking for C compiler version
configure:2153: gcc --version >&5
Configured with: --prefix=/Library/Developer/CommandLineTools/usr --with-gxx-include-dir=/usr/include/c++/4.2.1
Apple LLVM version 9.1.0 (clang-902.0.39.1)
Target: x86_64-apple-darwin17.5.0
Thread model: posix
InstalledDir: /Library/Developer/CommandLineTools/usr/bin
configure:2157: $? = 0
configure:2164: gcc -v >&5
Configured with: --prefix=/Library/Developer/CommandLineTools/usr --with-gxx-include-dir=/usr/include/c++/4.2.1
Apple LLVM version 9.1.0 (clang-902.0.39.1)
Target: x86_64-apple-darwin17.5.0
Thread model: posix
InstalledDir: /Library/Developer/CommandLineTools/usr/bin
configure:2168: $? = 0
configure:2175: gcc -V >&5
clang: error: argument to '-V' is missing (expected 1 value)
clang: error: no input files
configure:2179: $? = 1
configure:2202: checking for C compiler default output file name
configure:2224: gcc    conftest.c  >&5
configure:2228: $? = 0
configure:2266: result: a.out
configure:2283: checking whether the C compiler works
configure:2293: ./a.out
configure:2297: $? = 0
configure:2314: result: yes
configure:2321: checking whether we are cross compiling
configure:2323: result: no
configure:2326: checking for suffix of executables
configure:2333: gcc -o conftest    conftest.c  >&5
configure:2337: $? = 0
configure:2361: result: 
configure:2367: checking for suffix of object files
configure:2393: gcc -c   conftest.c >&5
configure:2397: $? = 0
configure:2420: result: o
configure:2424: checking whether we are using the GNU C compiler
configure:2453: gcc -c   conftest.c >&5
configure:2460: $? = 0
configure:2477: result: yes
configure:2486: checking whether gcc accepts -g
configure:2516: gcc -c -g  conftest.c >&5
configure:2523: $? = 0
configure:2624: result: yes
configure:2641: checking for gcc option to accept ISO C89
configure:2715: gcc  -c -g -O2  conftest.c >&5
configure:2722: $? = 0
configure:2745: result: none needed
configure:2765: checking for ar
configure:2783: found /usr/bin/ar
configure:2795: result: /usr/bin/ar
configure:2803: checking whether ln -s works
configure:2807: result: yes
configure:2828: checking for a BSD-compatible install
configure:2896: result: /usr/local/bin/ginstall -c
configure:2929: checking if we need -pthread for threads
configure:2957: gcc -o conftest -Wall  -pthread  conftest.c  >&5
configure:2964: $? = 0
configure:2988: result: yes
configure:3002: checking for pthread_create in -lpthread
configure:3037: gcc -o conftest -Wall   conftest.c -lpthread   >&5
configure:3044: $? = 0
configure:3065: result: yes
configure:3077: checking for thr_create in -lthread
configure:3112: gcc -o conftest -Wall   conftest.c -lthread  -lpthread  >&5
ld: library not found for -lthread
clang: error: linker command failed with exit code 1 (use -v to see invocation)
configure:3119: $? = 1
configure: failed program was:
| /* confdefs.h.  */
| #define PACKAGE_NAME ""
| #define PACKAGE_TARNAME ""
| #define PACKAGE_VERSION ""
| #define PACKAGE_STRING ""
| #define PACKAGE_BUGREPORT ""
| #define HAVE_LIBPTHREAD 1
| /* end confdefs.h.  */
| 
| /* Override any GCC internal prototype to avoid an error.
|    Use char because int might match the return type of a GCC
|    builtin and then its argument prototype would still apply.  */
| #ifdef __cplusplus
| extern "C"
| #endif
| char thr_create ();
| int
| main ()
| {
| return thr_create ();
|   ;
|   return 0;
| }
configure:3140: result: no
configure:3152: checking for sem_wait in -lposix4
configure:3187: gcc -o conftest -Wall   conftest.c -lposix4  -lpthread  >&5
ld: library not found for -lposix4
clang: error: linker command failed with exit code 1 (use -v to see invocation)
configure:3194: $? = 1
configure: failed program was:
| /* confdefs.h.  */
| #define PACKAGE_NAME ""
| #define PACKAGE_TARNAME ""
| #define PACKAGE_VERSION ""
| #define PACKAGE_STRING ""
| #define PACKAGE_BUGREPORT ""
| #define HAVE_LIBPTHREAD 1
| /* end confdefs.h.  */
| 
| /* Override any GCC internal prototype to avoid an error.
|    Use char because int might match the return type of a GCC
|    builtin and then its argument prototype would still apply.  */
| #ifdef __cplusplus
| extern "C"
| #endif
| char sem_wait ();
| int
| main ()
| {
| return sem_wait ();
|   ;
|   return 0;
| }
configure:3215: result: no
configure:3226: checking for library containing shm_open
configure:3267: gcc -o conftest -Wall   conftest.c -lpthread  >&5
configure:3274: $? = 0
configure:3305: result: none required
configure:3313: checking for library containing nanosleep
configure:3354: gcc -o conftest -Wall   conftest.c -lpthread  >&5
configure:3361: $? = 0
configure:3392: result: none required
configure:3412: checking build system type
configure:3430: result: i386-apple-darwin17.5.0
configure:3452: checking host system type
configure:3467: result: i386-apple-darwin17.5.0
configure:3539: checking how to run the C preprocessor
configure:3579: gcc -E  conftest.c
configure:3586: $? = 0
configure:3617: gcc -E  conftest.c
conftest.c:9:10: fatal error: 'ac_nonexistent.h' file not found
#include <ac_nonexistent.h>
         ^~~~~~~~~~~~~~~~~~
1 error generated.
configure:3624: $? = 1
configure: failed program was:
| /* confdefs.h.  */
| #define PACKAGE_NAME ""
| #define PACKAGE_TARNAME ""
| #define PACKAGE_VERSION ""
| #define PACKAGE_STRING ""
| #define PACKAGE_BUGREPORT ""
| #define HAVE_LIBPTHREAD 1
| /* end confdefs.h.  */
| #include <ac_nonexistent.h>
configure:3657: result: gcc -E
configure:3686: gcc -E  conftest.c
configure:3693: $? = 0
configure:3724: gcc -E  conftest.c
conftest.c:9:10: fatal error: 'ac_nonexistent.h' file not found
#include <ac_nonexistent.h>
         ^~~~~~~~~~~~~~~~~~
1 error generated.
configure:3731: $? = 1
configure: failed program was:
| /* confdefs.h.  */
| #define PACKAGE_NAME ""
| #define PACKAGE_TARNAME ""
| #define PACKAGE_VERSION ""
| #define PACKAGE_STRING ""
| #define PACKAGE_BUGREPORT ""
| #define HAVE_LIBPTHREAD 1
| /* end confdefs.h.  */
| #include <ac_nonexistent.h>
configure:3769: checking for grep that handles long lines and -e
configure:3829: result: /usr/local/bin/ggrep
configure:3834: checking for egrep
configure:3898: result: /usr/local/bin/ggrep -E
configure:3903: checking for ANSI C header files
configure:3933: gcc -c -Wall  conftest.c >&5
configure:3940: $? = 0
configure:4039: gcc -o conftest -Wall   conftest.c  >&5
configure:4043: $? = 0
configure:4049: ./conftest
configure:4053: $? = 0
configure:4071: result: yes
configure:4095: checking for sys/types.h
configure:4116: gcc -c -Wall  conftest.c >&5
configure:4123: $? = 0
configure:4140: result: yes
configure:4095: checking for sys/stat.h
configure:4116: gcc -c -Wall  conftest.c >&5
configure:4123: $? = 0
configure:4140: result: yes
configure:4095: checking for stdlib.h
configure:4116: gcc -c -Wall  conftest.c >&5
configure:4123: $? = 0
configure:4140: result: yes
configure:4095: checking for string.h
configure:4116: gcc -c -Wall  conftest.c >&5
configure:4123: $? = 0
configure:4140: result: yes
configure:4095: checking for memory.h
configure:4116: gcc -c -Wall  conftest.c >&5
configure:4123: $? = 0
configure:4140: result: yes
configure:4095: checking for strings.h
configure:4116: gcc -c -Wall  conftest.c >&5
configure:4123: $? = 0
configure:4140: result: yes
configure:4095: checking for inttypes.h
configure:4116: gcc -c -Wall  conftest.c >&5
configure:4123: $? = 0
configure:4140: result: yes
configure:4095: checking for stdint.h
configure:4116: gcc -c -Wall  conftest.c >&5
configure:4123: $? = 0
configure:4140: result: yes
configure:4095: checking for unistd.h
configure:4116: gcc -c -Wall  conftest.c >&5
configure:4123: $? = 0
configure:4140: result: yes
configure:4157: checking size of char
configure:4460: gcc -o conftest -Wall   conftest.c  >&5
configure:4464: $? = 0
configure:4470: ./conftest
configure:4474: $? = 0
configure:4498: result: 1
configure:4512: checking size of short
configure:4815: gcc -o conftest -Wall   conftest.c  >&5
configure:4819: $? = 0
configure:4825: ./conftest
configure:4829: $? = 0
configure:4853: result: 2
configure:4867: checking size of int
configure:5170: gcc -o conftest -Wall   conftest.c  >&5
configure:5174: $? = 0
configure:5180: ./conftest
configure:5184: $? = 0
configure:5208: result: 4
configure:5222: checking size of long
configure:5525: gcc -o conftest -Wall   conftest.c  >&5
configure:5529: $? = 0
configure:5535: ./conftest
configure:5539: $? = 0
configure:5563: result: 8
configure:5577: checking size of long long
configure:5880: gcc -o conftest -Wall   conftest.c  >&5
configure:5884: $? = 0
configure:5890: ./conftest
configure:5894: $? = 0
configure:5918: result: 8
configure:5932: checking size of size_t
configure:6235: gcc -o conftest -Wall   conftest.c  >&5
configure:6239: $? = 0
configure:6245: ./conftest
configure:6249: $? = 0
configure:6273: result: 8
configure:6287: checking size of void *
configure:6590: gcc -o conftest -Wall   conftest.c  >&5
configure:6594: $? = 0
configure:6600: ./conftest
configure:6604: $? = 0
configure:6628: result: 8
configure:6639: checking checking all necessary integer types are available and appropriate
configure:6685: gcc -o conftest -Wall   conftest.c  >&5
configure:6689: $? = 0
configure:6695: ./conftest
configure:6699: $? = 0
configure:6701: result: yes
configure:6719: checking if NULL pointers are represented as all zeroes in memory
configure:6784: gcc -o conftest -Wall   conftest.c  >&5
configure:6788: $? = 0
configure:6794: ./conftest
configure:6798: $? = 0
configure:6803: result: yes
configure:6828: checking byte alignment requirements
configure:6913: gcc -o conftest -Wall   conftest.c  >&5
configure:6917: $? = 0
configure:6923: ./conftest
configure:6927: $? = 116
configure: program exited with status 116
configure: failed program was:
| /* confdefs.h.  */
| #define PACKAGE_NAME ""
| #define PACKAGE_TARNAME ""
| #define PACKAGE_VERSION ""
| #define PACKAGE_STRING ""
| #define PACKAGE_BUGREPORT ""
| #define HAVE_LIBPTHREAD 1
| #define STDC_HEADERS 1
| #define HAVE_SYS_TYPES_H 1
| #define HAVE_SYS_STAT_H 1
| #define HAVE_STDLIB_H 1
| #define HAVE_STRING_H 1
| #define HAVE_MEMORY_H 1
| #define HAVE_STRINGS_H 1
| #define HAVE_INTTYPES_H 1
| #define HAVE_STDINT_H 1
| #define HAVE_UNISTD_H 1
| #define SIZEOF_CHAR 1
| #define SIZEOF_SHORT 2
| #define SIZEOF_INT 4
| #define SIZEOF_LONG 8
| #define SIZEOF_LONG_LONG 8
| #define SIZEOF_SIZE_T 8
| #define SIZEOF_VOID_P 8
| #define STDARCH_NULL_IS_ZERO 1
| /* end confdefs.h.  */
| 
| #include <stdlib.h>
| #include <stddef.h>
| 
| struct {
|   char x;
|   long y;
| 
| } long_test;
| 
| struct {
|   char x;
| #if defined(_MSC_VER)
|   __int64 y;
| #elif (SIZEOF_LONG == 8)
|   long y;
| #elif (SIZEOF_LONG_LONG == 8)
|   long long y;
| #endif
| 
| } int64_test;
| 
| struct {
|   char        x;
|   long double y;
| 
| } long_double_test;
| 
| struct {
|   char   x;
|   void * y;
| 
| } voidp_test;
| 
| int main()
| {
|   ptrdiff_t max = (char*) &long_test.y - (char*) &long_test.x;
|   ptrdiff_t tmp;
| 
|   tmp = (char*) &int64_test.y - (char*) &int64_test.x;
| 
|   if (tmp > max) {
|     max = tmp;
|   }
| 
|   tmp = (char*) &voidp_test.y - (char*) &voidp_test.x;
| 
|   if (tmp > max) {
|     max = tmp;
|   }
| 
|   tmp = (char*) &long_double_test.y - (char*) &long_double_test.x;
| 
|   if (tmp > max) {
|     max = tmp;
|   }
| 
|   exit(100 + (int) max);
|   return 100 + (int) max;
| }
| 
configure:6946: result: 16
configure:6961: checking endianness of architecture
configure:6995: gcc -o conftest -Wall   conftest.c  >&5
configure:6999: $? = 0
configure:7005: ./conftest
configure:7009: $? = 101
configure: program exited with status 101
configure: failed program was:
| /* confdefs.h.  */
| #define PACKAGE_NAME ""
| #define PACKAGE_TARNAME ""
| #define PACKAGE_VERSION ""
| #define PACKAGE_STRING ""
| #define PACKAGE_BUGREPORT ""
| #define HAVE_LIBPTHREAD 1
| #define STDC_HEADERS 1
| #define HAVE_SYS_TYPES_H 1
| #define HAVE_SYS_STAT_H 1
| #define HAVE_STDLIB_H 1
| #define HAVE_STRING_H 1
| #define HAVE_MEMORY_H 1
| #define HAVE_STRINGS_H 1
| #define HAVE_INTTYPES_H 1
| #define HAVE_STDINT_H 1
| #define HAVE_UNISTD_H 1
| #define SIZEOF_CHAR 1
| #define SIZEOF_SHORT 2
| #define SIZEOF_INT 4
| #define SIZEOF_LONG 8
| #define SIZEOF_LONG_LONG 8
| #define SIZEOF_SIZE_T 8
| #define SIZEOF_VOID_P 8
| #define STDARCH_NULL_IS_ZERO 1
| #define STDARCH_MAX_BYTE_ALIGNMENT 16
| /* end confdefs.h.  */
| 
| #include <stdlib.h>
| 
| int main()
| {
|   short  x    = 0x1;
|   char * xptr = (char*) &x;
| 
|   exit(100 + (xptr[0] == 1));  /* return 101 if bytes are opposite of network order, else 100 */
|   return 100 + (xptr[0] == 1);
| }
| 
configure:7084: gcc -o conftest -Wall   conftest.c  >&5
configure:7088: $? = 0
configure:7094: ./conftest
configure:7098: $? = 103
configure: program exited with status 103
configure: failed program was:
| /* confdefs.h.  */
| #define PACKAGE_NAME ""
| #define PACKAGE_TARNAME ""
| #define PACKAGE_VERSION ""
| #define PACKAGE_STRING ""
| #define PACKAGE_BUGREPORT ""
| #define HAVE_LIBPTHREAD 1
| #define STDC_HEADERS 1
| #define HAVE_SYS_TYPES_H 1
| #define HAVE_SYS_STAT_H 1
| #define HAVE_STDLIB_H 1
| #define HAVE_STRING_H 1
| #define HAVE_MEMORY_H 1
| #define HAVE_STRINGS_H 1
| #define HAVE_INTTYPES_H 1
| #define HAVE_STDINT_H 1
| #define HAVE_UNISTD_H 1
| #define SIZEOF_CHAR 1
| #define SIZEOF_SHORT 2
| #define SIZEOF_INT 4
| #define SIZEOF_LONG 8
| #define SIZEOF_LONG_LONG 8
| #define SIZEOF_SIZE_T 8
| #define SIZEOF_VOID_P 8
| #define STDARCH_NULL_IS_ZERO 1
| #define STDARCH_MAX_BYTE_ALIGNMENT 16
| #define STDENDIAN16_SWAP 1
| /* end confdefs.h.  */
| 
| #include <stdlib.h>
| 
| int main()
| {
| #if (SIZEOF_INT == 4)
|   int x = 0x1;
| #elif (SIZEOF_LONG == 4)
|   long x = 0x1;
| #endif
|   char * xptr = (char*) &x;
|   int        i;
| 
|   x <<= 24;
| 
|   for (i = 0; i < sizeof(x) && xptr[i] == 0; ++i);
| 
|   exit(100 + i);
|   return 100 + i;
| }
| 
configure:7177: gcc -o conftest -Wall   conftest.c  >&5
configure:7181: $? = 0
configure:7187: ./conftest
configure:7191: $? = 102
configure: program exited with status 102
configure: failed program was:
| /* confdefs.h.  */
| #define PACKAGE_NAME ""
| #define PACKAGE_TARNAME ""
| #define PACKAGE_VERSION ""
| #define PACKAGE_STRING ""
| #define PACKAGE_BUGREPORT ""
| #define HAVE_LIBPTHREAD 1
| #define STDC_HEADERS 1
| #define HAVE_SYS_TYPES_H 1
| #define HAVE_SYS_STAT_H 1
| #define HAVE_STDLIB_H 1
| #define HAVE_STRING_H 1
| #define HAVE_MEMORY_H 1
| #define HAVE_STRINGS_H 1
| #define HAVE_INTTYPES_H 1
| #define HAVE_STDINT_H 1
| #define HAVE_UNISTD_H 1
| #define SIZEOF_CHAR 1
| #define SIZEOF_SHORT 2
| #define SIZEOF_INT 4
| #define SIZEOF_LONG 8
| #define SIZEOF_LONG_LONG 8
| #define SIZEOF_SIZE_T 8
| #define SIZEOF_VOID_P 8
| #define STDARCH_NULL_IS_ZERO 1
| #define STDARCH_MAX_BYTE_ALIGNMENT 16
| #define STDENDIAN16_SWAP 1
| #define STDENDIAN32_NET0_FROM_HOST 3
| #define STDENDIAN32_HOST3_FROM_NET 0
| /* end confdefs.h.  */
| 
| #include <stdlib.h>
| 
| int main()
| {
| #if (SIZEOF_INT == 4)
|   int x = 0x1;
| #elif (SIZEOF_LONG == 4)
|   long x = 0x1;
| #endif
|   char * xptr = (char*) &x;
|   int        i;
| 
|   x <<= 16;
| 
|   for (i = 0; i < sizeof(x) && xptr[i] == 0; ++i);
| 
|   exit(100 + i);
|   return 100 + i;
| }
| 
configure:7270: gcc -o conftest -Wall   conftest.c  >&5
configure:7274: $? = 0
configure:7280: ./conftest
configure:7284: $? = 101
configure: program exited with status 101
configure: failed program was:
| /* confdefs.h.  */
| #define PACKAGE_NAME ""
| #define PACKAGE_TARNAME ""
| #define PACKAGE_VERSION ""
| #define PACKAGE_STRING ""
| #define PACKAGE_BUGREPORT ""
| #define HAVE_LIBPTHREAD 1
| #define STDC_HEADERS 1
| #define HAVE_SYS_TYPES_H 1
| #define HAVE_SYS_STAT_H 1
| #define HAVE_STDLIB_H 1
| #define HAVE_STRING_H 1
| #define HAVE_MEMORY_H 1
| #define HAVE_STRINGS_H 1
| #define HAVE_INTTYPES_H 1
| #define HAVE_STDINT_H 1
| #define HAVE_UNISTD_H 1
| #define SIZEOF_CHAR 1
| #define SIZEOF_SHORT 2
| #define SIZEOF_INT 4
| #define SIZEOF_LONG 8
| #define SIZEOF_LONG_LONG 8
| #define SIZEOF_SIZE_T 8
| #define SIZEOF_VOID_P 8
| #define STDARCH_NULL_IS_ZERO 1
| #define STDARCH_MAX_BYTE_ALIGNMENT 16
| #define STDENDIAN16_SWAP 1
| #define STDENDIAN32_NET0_FROM_HOST 3
| #define STDENDIAN32_HOST3_FROM_NET 0
| #define STDENDIAN32_NET1_FROM_HOST 2
| #define STDENDIAN32_HOST2_FROM_NET 1
| /* end confdefs.h.  */
| 
| #include <stdlib.h>
| 
| int main()
| {
| #if (SIZEOF_INT == 4)
|   int x = 0x1;
| #elif (SIZEOF_LONG == 4)
|   long x = 0x1;
| #endif
|   char * xptr = (char*) &x;
|   int        i;
| 
|   x <<= 8;
| 
|   for (i = 0; i < sizeof(x) && xptr[i] == 0; ++i);
| 
|   exit(100 + i);
|   return 100 + i;
| }
| 
configure:7363: gcc -o conftest -Wall   conftest.c  >&5
configure:7367: $? = 0
configure:7373: ./conftest
configure:7377: $? = 100
configure: program exited with status 100
configure: failed program was:
| /* confdefs.h.  */
| #define PACKAGE_NAME ""
| #define PACKAGE_TARNAME ""
| #define PACKAGE_VERSION ""
| #define PACKAGE_STRING ""
| #define PACKAGE_BUGREPORT ""
| #define HAVE_LIBPTHREAD 1
| #define STDC_HEADERS 1
| #define HAVE_SYS_TYPES_H 1
| #define HAVE_SYS_STAT_H 1
| #define HAVE_STDLIB_H 1
| #define HAVE_STRING_H 1
| #define HAVE_MEMORY_H 1
| #define HAVE_STRINGS_H 1
| #define HAVE_INTTYPES_H 1
| #define HAVE_STDINT_H 1
| #define HAVE_UNISTD_H 1
| #define SIZEOF_CHAR 1
| #define SIZEOF_SHORT 2
| #define SIZEOF_INT 4
| #define SIZEOF_LONG 8
| #define SIZEOF_LONG_LONG 8
| #define SIZEOF_SIZE_T 8
| #define SIZEOF_VOID_P 8
| #define STDARCH_NULL_IS_ZERO 1
| #define STDARCH_MAX_BYTE_ALIGNMENT 16
| #define STDENDIAN16_SWAP 1
| #define STDENDIAN32_NET0_FROM_HOST 3
| #define STDENDIAN32_HOST3_FROM_NET 0
| #define STDENDIAN32_NET1_FROM_HOST 2
| #define STDENDIAN32_HOST2_FROM_NET 1
| #define STDENDIAN32_NET2_FROM_HOST 1
| #define STDENDIAN32_HOST1_FROM_NET 2
| /* end confdefs.h.  */
| 
| #include <stdlib.h>
| 
| int main()
| {
| #if (SIZEOF_INT == 4)
|   int x = 0x1;
| #elif (SIZEOF_LONG == 4)
|   long x = 0x1;
| #endif
|   char * xptr = (char*) &x;
|   int        i;
| 
|   x <<= 0;
| 
|   for (i = 0; i < sizeof(x) && xptr[i] == 0; ++i);
| 
|   exit(100 + i);
|   return 100 + i;
| }
| 
configure:7458: gcc -o conftest -Wall   conftest.c  >&5
configure:7462: $? = 0
configure:7468: ./conftest
configure:7472: $? = 107
configure: program exited with status 107
configure: failed program was:
| /* confdefs.h.  */
| #define PACKAGE_NAME ""
| #define PACKAGE_TARNAME ""
| #define PACKAGE_VERSION ""
| #define PACKAGE_STRING ""
| #define PACKAGE_BUGREPORT ""
| #define HAVE_LIBPTHREAD 1
| #define STDC_HEADERS 1
| #define HAVE_SYS_TYPES_H 1
| #define HAVE_SYS_STAT_H 1
| #define HAVE_STDLIB_H 1
| #define HAVE_STRING_H 1
| #define HAVE_MEMORY_H 1
| #define HAVE_STRINGS_H 1
| #define HAVE_INTTYPES_H 1
| #define HAVE_STDINT_H 1
| #define HAVE_UNISTD_H 1
| #define SIZEOF_CHAR 1
| #define SIZEOF_SHORT 2
| #define SIZEOF_INT 4
| #define SIZEOF_LONG 8
| #define SIZEOF_LONG_LONG 8
| #define SIZEOF_SIZE_T 8
| #define SIZEOF_VOID_P 8
| #define STDARCH_NULL_IS_ZERO 1
| #define STDARCH_MAX_BYTE_ALIGNMENT 16
| #define STDENDIAN16_SWAP 1
| #define STDENDIAN32_NET0_FROM_HOST 3
| #define STDENDIAN32_HOST3_FROM_NET 0
| #define STDENDIAN32_NET1_FROM_HOST 2
| #define STDENDIAN32_HOST2_FROM_NET 1
| #define STDENDIAN32_NET2_FROM_HOST 1
| #define STDENDIAN32_HOST1_FROM_NET 2
| #define STDENDIAN32_NET3_FROM_HOST 0
| #define STDENDIAN32_HOST0_FROM_NET 3
| /* end confdefs.h.  */
| 
| #include <stdlib.h>
| 
| int main()
| {
| #if defined(_MSC_VER)
|   __int64 x = 0x1;
| #elif (SIZEOF_LONG == 8)
|   long x = 0x1;
| #elif (SIZEOF_LONG_LONG == 8)
|   long long x = 0x1;
| #endif
|   char * xptr = (char*) &x;
|   int        i;
| 
|   x <<= 56;
| 
|   for (i = 0; i < sizeof(x) && xptr[i] == 0; ++i);
| 
|   exit(100 + i);
|   return 100 + i;
| }
| 
configure:7553: gcc -o conftest -Wall   conftest.c  >&5
configure:7557: $? = 0
configure:7563: ./conftest
configure:7567: $? = 106
configure: program exited with status 106
configure: failed program was:
| /* confdefs.h.  */
| #define PACKAGE_NAME ""
| #define PACKAGE_TARNAME ""
| #define PACKAGE_VERSION ""
| #define PACKAGE_STRING ""
| #define PACKAGE_BUGREPORT ""
| #define HAVE_LIBPTHREAD 1
| #define STDC_HEADERS 1
| #define HAVE_SYS_TYPES_H 1
| #define HAVE_SYS_STAT_H 1
| #define HAVE_STDLIB_H 1
| #define HAVE_STRING_H 1
| #define HAVE_MEMORY_H 1
| #define HAVE_STRINGS_H 1
| #define HAVE_INTTYPES_H 1
| #define HAVE_STDINT_H 1
| #define HAVE_UNISTD_H 1
| #define SIZEOF_CHAR 1
| #define SIZEOF_SHORT 2
| #define SIZEOF_INT 4
| #define SIZEOF_LONG 8
| #define SIZEOF_LONG_LONG 8
| #define SIZEOF_SIZE_T 8
| #define SIZEOF_VOID_P 8
| #define STDARCH_NULL_IS_ZERO 1
| #define STDARCH_MAX_BYTE_ALIGNMENT 16
| #define STDENDIAN16_SWAP 1
| #define STDENDIAN32_NET0_FROM_HOST 3
| #define STDENDIAN32_HOST3_FROM_NET 0
| #define STDENDIAN32_NET1_FROM_HOST 2
| #define STDENDIAN32_HOST2_FROM_NET 1
| #define STDENDIAN32_NET2_FROM_HOST 1
| #define STDENDIAN32_HOST1_FROM_NET 2
| #define STDENDIAN32_NET3_FROM_HOST 0
| #define STDENDIAN32_HOST0_FROM_NET 3
| #define STDENDIAN64_NET0_FROM_HOST 7
| #define STDENDIAN64_HOST7_FROM_NET 0
| /* end confdefs.h.  */
| 
| #include <stdlib.h>
| 
| int main()
| {
| #if defined(_MSC_VER)
|   __int64 x = 0x1;
| #elif (SIZEOF_LONG == 8)
|   long x = 0x1;
| #elif (SIZEOF_LONG_LONG == 8)
|   long long x = 0x1;
| #endif
|   char * xptr = (char*) &x;
|   int        i;
| 
|   x <<= 48;
| 
|   for (i = 0; i < sizeof(x) && xptr[i] == 0; ++i);
| 
|   exit(100 + i);
|   return 100 + i;
| }
| 
configure:7648: gcc -o conftest -Wall   conftest.c  >&5
configure:7652: $? = 0
configure:7658: ./conftest
configure:7662: $? = 105
configure: program exited with status 105
configure: failed program was:
| /* confdefs.h.  */
| #define PACKAGE_NAME ""
| #define PACKAGE_TARNAME ""
| #define PACKAGE_VERSION ""
| #define PACKAGE_STRING ""
| #define PACKAGE_BUGREPORT ""
| #define HAVE_LIBPTHREAD 1
| #define STDC_HEADERS 1
| #define HAVE_SYS_TYPES_H 1
| #define HAVE_SYS_STAT_H 1
| #define HAVE_STDLIB_H 1
| #define HAVE_STRING_H 1
| #define HAVE_MEMORY_H 1
| #define HAVE_STRINGS_H 1
| #define HAVE_INTTYPES_H 1
| #define HAVE_STDINT_H 1
| #define HAVE_UNISTD_H 1
| #define SIZEOF_CHAR 1
| #define SIZEOF_SHORT 2
| #define SIZEOF_INT 4
| #define SIZEOF_LONG 8
| #define SIZEOF_LONG_LONG 8
| #define SIZEOF_SIZE_T 8
| #define SIZEOF_VOID_P 8
| #define STDARCH_NULL_IS_ZERO 1
| #define STDARCH_MAX_BYTE_ALIGNMENT 16
| #define STDENDIAN16_SWAP 1
| #define STDENDIAN32_NET0_FROM_HOST 3
| #define STDENDIAN32_HOST3_FROM_NET 0
| #define STDENDIAN32_NET1_FROM_HOST 2
| #define STDENDIAN32_HOST2_FROM_NET 1
| #define STDENDIAN32_NET2_FROM_HOST 1
| #define STDENDIAN32_HOST1_FROM_NET 2
| #define STDENDIAN32_NET3_FROM_HOST 0
| #define STDENDIAN32_HOST0_FROM_NET 3
| #define STDENDIAN64_NET0_FROM_HOST 7
| #define STDENDIAN64_HOST7_FROM_NET 0
| #define STDENDIAN64_NET1_FROM_HOST 6
| #define STDENDIAN64_HOST6_FROM_NET 1
| /* end confdefs.h.  */
| 
| #include <stdlib.h>
| 
| int main()
| {
| #if defined(_MSC_VER)
|   __int64 x = 0x1;
| #elif (SIZEOF_LONG == 8)
|   long x = 0x1;
| #elif (SIZEOF_LONG_LONG == 8)
|   long long x = 0x1;
| #endif
|   char * xptr = (char*) &x;
|   int        i;
| 
|   x <<= 40;
| 
|   for (i = 0; i < sizeof(x) && xptr[i] == 0; ++i);
| 
|   exit(100 + i);
|   return 100 + i;
| }
| 
configure:7743: gcc -o conftest -Wall   conftest.c  >&5
configure:7747: $? = 0
configure:7753: ./conftest
configure:7757: $? = 104
configure: program exited with status 104
configure: failed program was:
| /* confdefs.h.  */
| #define PACKAGE_NAME ""
| #define PACKAGE_TARNAME ""
| #define PACKAGE_VERSION ""
| #define PACKAGE_STRING ""
| #define PACKAGE_BUGREPORT ""
| #define HAVE_LIBPTHREAD 1
| #define STDC_HEADERS 1
| #define HAVE_SYS_TYPES_H 1
| #define HAVE_SYS_STAT_H 1
| #define HAVE_STDLIB_H 1
| #define HAVE_STRING_H 1
| #define HAVE_MEMORY_H 1
| #define HAVE_STRINGS_H 1
| #define HAVE_INTTYPES_H 1
| #define HAVE_STDINT_H 1
| #define HAVE_UNISTD_H 1
| #define SIZEOF_CHAR 1
| #define SIZEOF_SHORT 2
| #define SIZEOF_INT 4
| #define SIZEOF_LONG 8
| #define SIZEOF_LONG_LONG 8
| #define SIZEOF_SIZE_T 8
| #define SIZEOF_VOID_P 8
| #define STDARCH_NULL_IS_ZERO 1
| #define STDARCH_MAX_BYTE_ALIGNMENT 16
| #define STDENDIAN16_SWAP 1
| #define STDENDIAN32_NET0_FROM_HOST 3
| #define STDENDIAN32_HOST3_FROM_NET 0
| #define STDENDIAN32_NET1_FROM_HOST 2
| #define STDENDIAN32_HOST2_FROM_NET 1
| #define STDENDIAN32_NET2_FROM_HOST 1
| #define STDENDIAN32_HOST1_FROM_NET 2
| #define STDENDIAN32_NET3_FROM_HOST 0
| #define STDENDIAN32_HOST0_FROM_NET 3
| #define STDENDIAN64_NET0_FROM_HOST 7
| #define STDENDIAN64_HOST7_FROM_NET 0
| #define STDENDIAN64_NET1_FROM_HOST 6
| #define STDENDIAN64_HOST6_FROM_NET 1
| #define STDENDIAN64_NET2_FROM_HOST 5
| #define STDENDIAN64_HOST5_FROM_NET 2
| /* end confdefs.h.  */
| 
| #include <stdlib.h>
| 
| int main()
| {
| #if defined(_MSC_VER)
|   __int64 x = 0x1;
| #elif (SIZEOF_LONG == 8)
|   long x = 0x1;
| #elif (SIZEOF_LONG_LONG == 8)
|   long long x = 0x1;
| #endif
|   char * xptr = (char*) &x;
|   int        i;
| 
|   x <<= 32;
| 
|   for (i = 0; i < sizeof(x) && xptr[i] == 0; ++i);
| 
|   exit(100 + i);
|   return 100 + i;
| }
| 
configure:7838: gcc -o conftest -Wall   conftest.c  >&5
configure:7842: $? = 0
configure:7848: ./conftest
configure:7852: $? = 103
configure: program exited with status 103
configure: failed program was:
| /* confdefs.h.  */
| #define PACKAGE_NAME ""
| #define PACKAGE_TARNAME ""
| #define PACKAGE_VERSION ""
| #define PACKAGE_STRING ""
| #define PACKAGE_BUGREPORT ""
| #define HAVE_LIBPTHREAD 1
| #define STDC_HEADERS 1
| #define HAVE_SYS_TYPES_H 1
| #define HAVE_SYS_STAT_H 1
| #define HAVE_STDLIB_H 1
| #define HAVE_STRING_H 1
| #define HAVE_MEMORY_H 1
| #define HAVE_STRINGS_H 1
| #define HAVE_INTTYPES_H 1
| #define HAVE_STDINT_H 1
| #define HAVE_UNISTD_H 1
| #define SIZEOF_CHAR 1
| #define SIZEOF_SHORT 2
| #define SIZEOF_INT 4
| #define SIZEOF_LONG 8
| #define SIZEOF_LONG_LONG 8
| #define SIZEOF_SIZE_T 8
| #define SIZEOF_VOID_P 8
| #define STDARCH_NULL_IS_ZERO 1
| #define STDARCH_MAX_BYTE_ALIGNMENT 16
| #define STDENDIAN16_SWAP 1
| #define STDENDIAN32_NET0_FROM_HOST 3
| #define STDENDIAN32_HOST3_FROM_NET 0
| #define STDENDIAN32_NET1_FROM_HOST 2
| #define STDENDIAN32_HOST2_FROM_NET 1
| #define STDENDIAN32_NET2_FROM_HOST 1
| #define STDENDIAN32_HOST1_FROM_NET 2
| #define STDENDIAN32_NET3_FROM_HOST 0
| #define STDENDIAN32_HOST0_FROM_NET 3
| #define STDENDIAN64_NET0_FROM_HOST 7
| #define STDENDIAN64_HOST7_FROM_NET 0
| #define STDENDIAN64_NET1_FROM_HOST 6
| #define STDENDIAN64_HOST6_FROM_NET 1
| #define STDENDIAN64_NET2_FROM_HOST 5
| #define STDENDIAN64_HOST5_FROM_NET 2
| #define STDENDIAN64_NET3_FROM_HOST 4
| #define STDENDIAN64_HOST4_FROM_NET 3
| /* end confdefs.h.  */
| 
| #include <stdlib.h>
| 
| int main()
| {
| #if defined(_MSC_VER)
|   __int64 x = 0x1;
| #elif (SIZEOF_LONG == 8)
|   long x = 0x1;
| #elif (SIZEOF_LONG_LONG == 8)
|   long long x = 0x1;
| #endif
|   char * xptr = (char*) &x;
|   int        i;
| 
|   x <<= 24;
| 
|   for (i = 0; i < sizeof(x) && xptr[i] == 0; ++i);
| 
|   exit(100 + i);
|   return 100 + i;
| }
| 
configure:7933: gcc -o conftest -Wall   conftest.c  >&5
configure:7937: $? = 0
configure:7943: ./conftest
configure:7947: $? = 102
configure: program exited with status 102
configure: failed program was:
| /* confdefs.h.  */
| #define PACKAGE_NAME ""
| #define PACKAGE_TARNAME ""
| #define PACKAGE_VERSION ""
| #define PACKAGE_STRING ""
| #define PACKAGE_BUGREPORT ""
| #define HAVE_LIBPTHREAD 1
| #define STDC_HEADERS 1
| #define HAVE_SYS_TYPES_H 1
| #define HAVE_SYS_STAT_H 1
| #define HAVE_STDLIB_H 1
| #define HAVE_STRING_H 1
| #define HAVE_MEMORY_H 1
| #define HAVE_STRINGS_H 1
| #define HAVE_INTTYPES_H 1
| #define HAVE_STDINT_H 1
| #define HAVE_UNISTD_H 1
| #define SIZEOF_CHAR 1
| #define SIZEOF_SHORT 2
| #define SIZEOF_INT 4
| #define SIZEOF_LONG 8
| #define SIZEOF_LONG_LONG 8
| #define SIZEOF_SIZE_T 8
| #define SIZEOF_VOID_P 8
| #define STDARCH_NULL_IS_ZERO 1
| #define STDARCH_MAX_BYTE_ALIGNMENT 16
| #define STDENDIAN16_SWAP 1
| #define STDENDIAN32_NET0_FROM_HOST 3
| #define STDENDIAN32_HOST3_FROM_NET 0
| #define STDENDIAN32_NET1_FROM_HOST 2
| #define STDENDIAN32_HOST2_FROM_NET 1
| #define STDENDIAN32_NET2_FROM_HOST 1
| #define STDENDIAN32_HOST1_FROM_NET 2
| #define STDENDIAN32_NET3_FROM_HOST 0
| #define STDENDIAN32_HOST0_FROM_NET 3
| #define STDENDIAN64_NET0_FROM_HOST 7
| #define STDENDIAN64_HOST7_FROM_NET 0
| #define STDENDIAN64_NET1_FROM_HOST 6
| #define STDENDIAN64_HOST6_FROM_NET 1
| #define STDENDIAN64_NET2_FROM_HOST 5
| #define STDENDIAN64_HOST5_FROM_NET 2
| #define STDENDIAN64_NET3_FROM_HOST 4
| #define STDENDIAN64_HOST4_FROM_NET 3
| #define STDENDIAN64_NET4_FROM_HOST 3
| #define STDENDIAN64_HOST3_FROM_NET 4
| /* end confdefs.h.  */
| 
| #include <stdlib.h>
| 
| int main()
| {
| #if defined(_MSC_VER)
|   __int64 x = 0x1;
| #elif (SIZEOF_LONG == 8)
|   long x = 0x1;
| #elif (SIZEOF_LONG_LONG == 8)
|   long long x = 0x1;
| #endif
|   char * xptr = (char*) &x;
|   int        i;
| 
|   x <<= 16;
| 
|   for (i = 0; i < sizeof(x) && xptr[i] == 0; ++i);
| 
|   exit(100 + i);
|   return 100 + i;
| }
| 
configure:8028: gcc -o conftest -Wall   conftest.c  >&5
configure:8032: $? = 0
configure:8038: ./conftest
configure:8042: $? = 101
configure: program exited with status 101
configure: failed program was:
| /* confdefs.h.  */
| #define PACKAGE_NAME ""
| #define PACKAGE_TARNAME ""
| #define PACKAGE_VERSION ""
| #define PACKAGE_STRING ""
| #define PACKAGE_BUGREPORT ""
| #define HAVE_LIBPTHREAD 1
| #define STDC_HEADERS 1
| #define HAVE_SYS_TYPES_H 1
| #define HAVE_SYS_STAT_H 1
| #define HAVE_STDLIB_H 1
| #define HAVE_STRING_H 1
| #define HAVE_MEMORY_H 1
| #define HAVE_STRINGS_H 1
| #define HAVE_INTTYPES_H 1
| #define HAVE_STDINT_H 1
| #define HAVE_UNISTD_H 1
| #define SIZEOF_CHAR 1
| #define SIZEOF_SHORT 2
| #define SIZEOF_INT 4
| #define SIZEOF_LONG 8
| #define SIZEOF_LONG_LONG 8
| #define SIZEOF_SIZE_T 8
| #define SIZEOF_VOID_P 8
| #define STDARCH_NULL_IS_ZERO 1
| #define STDARCH_MAX_BYTE_ALIGNMENT 16
| #define STDENDIAN16_SWAP 1
| #define STDENDIAN32_NET0_FROM_HOST 3
| #define STDENDIAN32_HOST3_FROM_NET 0
| #define STDENDIAN32_NET1_FROM_HOST 2
| #define STDENDIAN32_HOST2_FROM_NET 1
| #define STDENDIAN32_NET2_FROM_HOST 1
| #define STDENDIAN32_HOST1_FROM_NET 2
| #define STDENDIAN32_NET3_FROM_HOST 0
| #define STDENDIAN32_HOST0_FROM_NET 3
| #define STDENDIAN64_NET0_FROM_HOST 7
| #define STDENDIAN64_HOST7_FROM_NET 0
| #define STDENDIAN64_NET1_FROM_HOST 6
| #define STDENDIAN64_HOST6_FROM_NET 1
| #define STDENDIAN64_NET2_FROM_HOST 5
| #define STDENDIAN64_HOST5_FROM_NET 2
| #define STDENDIAN64_NET3_FROM_HOST 4
| #define STDENDIAN64_HOST4_FROM_NET 3
| #define STDENDIAN64_NET4_FROM_HOST 3
| #define STDENDIAN64_HOST3_FROM_NET 4
| #define STDENDIAN64_NET5_FROM_HOST 2
| #define STDENDIAN64_HOST2_FROM_NET 5
| /* end confdefs.h.  */
| 
| #include <stdlib.h>
| 
| int main()
| {
| #if defined(_MSC_VER)
|   __int64 x = 0x1;
| #elif (SIZEOF_LONG == 8)
|   long x = 0x1;
| #elif (SIZEOF_LONG_LONG == 8)
|   long long x = 0x1;
| #endif
|   char * xptr = (char*) &x;
|   int        i;
| 
|   x <<= 8;
| 
|   for (i = 0; i < sizeof(x) && xptr[i] == 0; ++i);
| 
|   exit(100 + i);
|   return 100 + i;
| }
| 
configure:8124: gcc -o conftest -Wall   conftest.c  >&5
configure:8128: $? = 0
configure:8134: ./conftest
configure:8138: $? = 100
configure: program exited with status 100
configure: failed program was:
| /* confdefs.h.  */
| #define PACKAGE_NAME ""
| #define PACKAGE_TARNAME ""
| #define PACKAGE_VERSION ""
| #define PACKAGE_STRING ""
| #define PACKAGE_BUGREPORT ""
| #define HAVE_LIBPTHREAD 1
| #define STDC_HEADERS 1
| #define HAVE_SYS_TYPES_H 1
| #define HAVE_SYS_STAT_H 1
| #define HAVE_STDLIB_H 1
| #define HAVE_STRING_H 1
| #define HAVE_MEMORY_H 1
| #define HAVE_STRINGS_H 1
| #define HAVE_INTTYPES_H 1
| #define HAVE_STDINT_H 1
| #define HAVE_UNISTD_H 1
| #define SIZEOF_CHAR 1
| #define SIZEOF_SHORT 2
| #define SIZEOF_INT 4
| #define SIZEOF_LONG 8
| #define SIZEOF_LONG_LONG 8
| #define SIZEOF_SIZE_T 8
| #define SIZEOF_VOID_P 8
| #define STDARCH_NULL_IS_ZERO 1
| #define STDARCH_MAX_BYTE_ALIGNMENT 16
| #define STDENDIAN16_SWAP 1
| #define STDENDIAN32_NET0_FROM_HOST 3
| #define STDENDIAN32_HOST3_FROM_NET 0
| #define STDENDIAN32_NET1_FROM_HOST 2
| #define STDENDIAN32_HOST2_FROM_NET 1
| #define STDENDIAN32_NET2_FROM_HOST 1
| #define STDENDIAN32_HOST1_FROM_NET 2
| #define STDENDIAN32_NET3_FROM_HOST 0
| #define STDENDIAN32_HOST0_FROM_NET 3
| #define STDENDIAN64_NET0_FROM_HOST 7
| #define STDENDIAN64_HOST7_FROM_NET 0
| #define STDENDIAN64_NET1_FROM_HOST 6
| #define STDENDIAN64_HOST6_FROM_NET 1
| #define STDENDIAN64_NET2_FROM_HOST 5
| #define STDENDIAN64_HOST5_FROM_NET 2
| #define STDENDIAN64_NET3_FROM_HOST 4
| #define STDENDIAN64_HOST4_FROM_NET 3
| #define STDENDIAN64_NET4_FROM_HOST 3
| #define STDENDIAN64_HOST3_FROM_NET 4
| #define STDENDIAN64_NET5_FROM_HOST 2
| #define STDENDIAN64_HOST2_FROM_NET 5
| #define STDENDIAN64_NET6_FROM_HOST 1
| #define STDENDIAN64_HOST1_FROM_NET 6
| /* end confdefs.h.  */
| 
| #include <stdlib.h>
| 
| int main()
| {
| #if defined(_MSC_VER)
|   __int64 x = 0x1;
| #elif (SIZEOF_LONG == 8)
|   long x = 0x1;
| #elif (SIZEOF_LONG_LONG == 8)
|   long long x = 0x1;
| #endif
|   char * xptr = (char*) &x;
|   int        i;
| 
|   x <<= 0;
| 
|   for (i = 0; i < sizeof(x) && xptr[i] == 0; ++i);
| 
|   exit(100 + i);
|   return 100 + i;
| }
| 
configure:8161: result: done
configure:8280: creating ./config.status

## ---------------------- ##
## Running config.status. ##
## ---------------------- ##

This file was extended by config.status, which was
generated by GNU Autoconf 2.62.  Invocation command line was

  CONFIG_FILES    = 
  CONFIG_HEADERS  = 
  CONFIG_LINKS    = 
  CONFIG_COMMANDS = 
  $ ./config.status 

on MacBookAir.local

config.status:780: creating src/Makefile
config.status:780: creating src/stdutil/private/stdarch_autoconf.h

## ---------------- ##
## Cache variables. ##
## ---------------- ##

ac_cv_build=i386-apple-darwin17.5.0
ac_cv_c_compiler_gnu=yes
ac_cv_env_CC_set=
ac_cv_env_CC_value=
ac_cv_env_CFLAGS_set=
ac_cv_env_CFLAGS_value=
ac_cv_env_CPPFLAGS_set=
ac_cv_env_CPPFLAGS_value=
ac_cv_env_CPP_set=
ac_cv_env_CPP_value=
ac_cv_env_LDFLAGS_set=
ac_cv_env_LDFLAGS_value=
ac_cv_env_LIBS_set=
ac_cv_env_LIBS_value=
ac_cv_env_build_alias_set=
ac_cv_env_build_alias_value=
ac_cv_env_host_alias_set=
ac_cv_env_host_alias_value=
ac_cv_env_target_alias_set=
ac_cv_env_target_alias_value=
ac_cv_header_inttypes_h=yes
ac_cv_header_memory_h=yes
ac_cv_header_stdc=yes
ac_cv_header_stdint_h=yes
ac_cv_header_stdlib_h=yes
ac_cv_header_string_h=yes
ac_cv_header_strings_h=yes
ac_cv_header_sys_stat_h=yes
ac_cv_header_sys_types_h=yes
ac_cv_header_unistd_h=yes
ac_cv_host=i386-apple-darwin17.5.0
ac_cv_ldflag_pthread=yes
ac_cv_lib_posix4_sem_wait=no
ac_cv_lib_pthread_pthread_create=yes
ac_cv_lib_thread_thr_create=no
ac_cv_objext=o
ac_cv_path_AR=/usr/bin/ar
ac_cv_path_EGREP='/usr/local/bin/ggrep -E'
ac_cv_path_GREP=/usr/local/bin/ggrep
ac_cv_path_install='/usr/local/bin/ginstall -c'
ac_cv_prog_CPP='gcc -E'
ac_cv_prog_ac_ct_CC=gcc
ac_cv_prog_cc_c89=
ac_cv_prog_cc_g=yes
ac_cv_search_nanosleep='none required'
ac_cv_search_shm_open='none required'
ac_cv_sizeof_char=1
ac_cv_sizeof_int=4
ac_cv_sizeof_long=8
ac_cv_sizeof_long_long=8
ac_cv_sizeof_short=2
ac_cv_sizeof_size_t=8
ac_cv_sizeof_void_p=8

## ----------------- ##
## Output variables. ##
## ----------------- ##

AR='/usr/bin/ar'
CC='gcc'
CFLAGS='-Wall'
CPP='gcc -E'
CPPFLAGS=''
DEFS='-DHAVE_CONFIG_H'
DYNLIBEXT='dylib'
ECHO_C='\c'
ECHO_N=''
ECHO_T=''
EGREP='/usr/local/bin/ggrep -E'
EXEEXT=''
GREP='/usr/local/bin/ggrep'
INSTALL_DATA='${INSTALL} -m 644'
INSTALL_PROGRAM='${INSTALL}'
INSTALL_SCRIPT='${INSTALL}'
LDFLAGS=''
LIBOBJS=''
LIBS=''
LN_S='ln -s'
LTLIBOBJS=''
OBJEXT='o'
PACKAGE_BUGREPORT=''
PACKAGE_NAME=''
PACKAGE_STRING=''
PACKAGE_TARNAME=''
PACKAGE_VERSION=''
PATH_SEPARATOR=':'
SHARED_LIBS='$(SHARED_LIBS)'
SHCC='gcc'
SHCFLAGS='-Wall -fPIC'
SHCPPFLAGS=''
SHELL='/bin/sh'
SHLD='gcc -dynamiclib'
SHLDFLAGS=' '
SHLIBS=''
STANDARD_LIBS='$(STATIC_THREADED_DEBUG_LIB) $(STATIC_THREADED_RELEASE_LIB) $(SHARED_THREADED_DEBUG_LIB) $(SHARED_THREADED_RELEASE_LIB)'
THLDFLAGS='-pthread '
THLIBS='-lpthread '
ac_ct_CC='gcc'
bindir='${exec_prefix}/bin'
build='i386-apple-darwin17.5.0'
build_alias=''
build_cpu='i386'
build_os='darwin17.5.0'
build_vendor='apple'
datadir='${datarootdir}'
datarootdir='${prefix}/share'
docdir='${datarootdir}/doc/${PACKAGE}'
dvidir='${docdir}'
exec_prefix='${prefix}'
host='i386-apple-darwin17.5.0'
host_alias=''
host_cpu='i386'
host_os='darwin17.5.0'
host_vendor='apple'
htmldir='${docdir}'
includedir='${prefix}/include'
infodir='${datarootdir}/info'
libdir='${exec_prefix}/lib'
libexecdir='${exec_prefix}/libexec'
localedir='${datarootdir}/locale'
localstatedir='${prefix}/var'
mandir='${datarootdir}/man'
oldincludedir='/usr/include'
pdfdir='${docdir}'
prefix='/usr/local'
program_transform_name='s,x,x,'
psdir='${docdir}'
sbindir='${exec_prefix}/sbin'
sharedstatedir='${prefix}/com'
sysconfdir='${prefix}/etc'
target_alias=''

## ----------- ##
## confdefs.h. ##
## ----------- ##

#define PACKAGE_NAME ""
#define PACKAGE_TARNAME ""
#define PACKAGE_VERSION ""
#define PACKAGE_STRING ""
#define PACKAGE_BUGREPORT ""
#define HAVE_LIBPTHREAD 1
#define STDC_HEADERS 1
#define HAVE_SYS_TYPES_H 1
#define HAVE_SYS_STAT_H 1
#define HAVE_STDLIB_H 1
#define HAVE_STRING_H 1
#define HAVE_MEMORY_H 1
#define HAVE_STRINGS_H 1
#define HAVE_INTTYPES_H 1
#define HAVE_STDINT_H 1
#define HAVE_UNISTD_H 1
#define SIZEOF_CHAR 1
#define SIZEOF_SHORT 2
#define SIZEOF_INT 4
#define SIZEOF_LONG 8
#define SIZEOF_LONG_LONG 8
#define SIZEOF_SIZE_T 8
#define SIZEOF_VOID_P 8
#define STDARCH_NULL_IS_ZERO 1
#define STDARCH_MAX_BYTE_ALIGNMENT 16
#define STDENDIAN16_SWAP 1
#define STDENDIAN32_NET0_FROM_HOST 3
#define STDENDIAN32_HOST3_FROM_NET 0
#define STDENDIAN32_NET1_FROM_HOST 2
#define STDENDIAN32_HOST2_FROM_NET 1
#define STDENDIAN32_NET2_FROM_HOST 1
#define STDENDIAN32_HOST1_FROM_NET 2
#define STDENDIAN32_NET3_FROM_HOST 0
#define STDENDIAN32_HOST0_FROM_NET 3
#define STDENDIAN64_NET0_FROM_HOST 7
#define STDENDIAN64_HOST7_FROM_NET 0
#define STDENDIAN64_NET1_FROM_HOST 6
#define STDENDIAN64_HOST6_FROM_NET 1
#define STDENDIAN64_NET2_FROM_HOST 5
#define STDENDIAN64_HOST5_FROM_NET 2
#define STDENDIAN64_NET3_FROM_HOST 4
#define STDENDIAN64_HOST4_FROM_NET 3
#define STDENDIAN64_NET4_FROM_HOST 3
#define STDENDIAN64_HOST3_FROM_NET 4
#define STDENDIAN64_NET5_FROM_HOST 2
#define STDENDIAN64_HOST2_FROM_NET 5
#define STDENDIAN64_NET6_FROM_HOST 1
#define STDENDIAN64_HOST1_FROM_NET 6
#define STDENDIAN64_NET7_FROM_HOST 0
#define STDENDIAN64_HOST0_FROM_NET 7

configure: exit 0
